<?xml version="1.0" encoding="UTF-8"?>
<!-- Generated by org.testng.reporters.JUnitXMLReporter -->
<testsuite ignored="0" hostname="LIN65001941" failures="1" tests="3" name="Tests" time="1425.167" errors="0" timestamp="27 May 2022 05:22:05 GMT">
  <testcase classname="com.cnhi.tests.TC01_BreakdownCreationJobcardDetails$Demotest" name="BreakdownCreationJobcardDetails" time="492.974"/>
  <testcase classname="com.cnhi.tests.TC02_BreakdownCreationVehicleDetailsTest$Demotest" name="BreakdownCreationVehicleDetailsTest" time="424.277"/>
  <testcase classname="com.cnhi.tests.TC03_BreakdownVehicleReceptionChecklist$Demotest" name="BreakdownVehicleReceptionChecklistTest" time="383.182">
    <failure type="java.lang.AssertionError" message="expected [true] but found [false]">
      <![CDATA[java.lang.AssertionError: expected [true] but found [false]
at com.auto.framework.base.Assertion.AssertTrue(Assertion.java:8)
at com.cnhi.tests.TC03_BreakdownVehicleReceptionChecklist$Demotest.BreakdownVehicleReceptionChecklistTest(TC03_BreakdownVehicleReceptionChecklist.java:181)
... Removed 29 stack frames]]>
    </failure>
  </testcase> <!-- BreakdownVehicleReceptionChecklistTest -->
</testsuite> <!-- Tests -->
