<?xml version="1.0" encoding="UTF-8"?>
<!-- Generated by org.testng.reporters.JUnitReportReporter -->
<testsuite hostname="LIN65001941" failures="0" tests="1" name="com.cnhi.tests.TC03_BreakdownVehicleReceptionChecklist$Demotest" time="405.578" errors="1" timestamp="17 Jun 2022 04:17:58 GMT" skipped="0">
  <testcase classname="com.cnhi.tests.TC03_BreakdownVehicleReceptionChecklist$Demotest" name="BreakdownVehicleReceptionChecklistTest" time="405.578">
    <error message="Element not found" type="java.lang.Exception">
      <![CDATA[java.lang.Exception: Element not found
at com.cnhi.pageObjects.GenericPage.swipeToElement(GenericPage.java:132)
at com.cnhi.pageObjects.MileageTachoPage.clickOnQuestion13DotsBtn(MileageTachoPage.java:703)
at com.cnhi.tests.TC03_BreakdownVehicleReceptionChecklist$Demotest.BreakdownVehicleReceptionChecklistTest(TC03_BreakdownVehicleReceptionChecklist.java:185)
at java.base/jdk.internal.reflect.NativeMethodAccessorImpl.invoke0(Native Method)
at java.base/jdk.internal.reflect.NativeMethodAccessorImpl.invoke(NativeMethodAccessorImpl.java:64)
at java.base/jdk.internal.reflect.DelegatingMethodAccessorImpl.invoke(DelegatingMethodAccessorImpl.java:43)
at java.base/java.lang.reflect.Method.invoke(Method.java:564)
at org.testng.internal.MethodInvocationHelper.invokeMethod(MethodInvocationHelper.java:124)
at org.testng.internal.Invoker.invokeMethod(Invoker.java:583)
at org.testng.internal.Invoker.invokeTestMethod(Invoker.java:719)
at org.testng.internal.Invoker.invokeTestMethods(Invoker.java:989)
at org.testng.internal.TestMethodWorker.invokeTestMethods(TestMethodWorker.java:125)
at org.testng.internal.TestMethodWorker.run(TestMethodWorker.java:109)
at org.testng.TestRunner.privateRun(TestRunner.java:648)
at org.testng.TestRunner.run(TestRunner.java:505)
at org.testng.SuiteRunner.runTest(SuiteRunner.java:455)
at org.testng.SuiteRunner.runSequentially(SuiteRunner.java:450)
at org.testng.SuiteRunner.privateRun(SuiteRunner.java:415)
at org.testng.SuiteRunner.run(SuiteRunner.java:364)
at org.testng.SuiteRunnerWorker.runSuite(SuiteRunnerWorker.java:52)
at org.testng.SuiteRunnerWorker.run(SuiteRunnerWorker.java:84)
at org.testng.TestNG.runSuitesSequentially(TestNG.java:1208)
at org.testng.TestNG.runSuitesLocally(TestNG.java:1137)
at org.testng.TestNG.runSuites(TestNG.java:1049)
at org.testng.TestNG.run(TestNG.java:1017)
at org.testng.remote.AbstractRemoteTestNG.run(AbstractRemoteTestNG.java:115)
at org.testng.remote.RemoteTestNG.initAndRun(RemoteTestNG.java:251)
at org.testng.remote.RemoteTestNG.main(RemoteTestNG.java:77)
]]>
    </error>
  </testcase> <!-- BreakdownVehicleReceptionChecklistTest -->
</testsuite> <!-- com.cnhi.tests.TC03_BreakdownVehicleReceptionChecklist$Demotest -->
